app/build/outputs/mapping/debug/mapping.txt
# compiler: R8
# compiler_version: 1.6.5-dev
# min_api: 23
# compiler_hash: 2d4f631385785ef065fa09085726cda81b6e0fd6
# pg_map_id: d8b32db
com.cuitianci.scanner.DataBinderMapperImpl -> com.cuitianci.scanner.a:
    android.util.SparseIntArray INTERNAL_LAYOUT_ID_LOOKUP -> a
    41:51:void <clinit>() -> <clinit>
    26:26:void <init>() -> <init>
    55:106:androidx.databinding.ViewDataBinding getDataBinder(androidx.databinding.DataBindingComponent,android.view.View,int) -> a
    111:112:androidx.databinding.ViewDataBinding getDataBinder(androidx.databinding.DataBindingComponent,android.view.View[],int) -> a
    128:132:int getLayoutId(java.lang.String) -> a
    143:145:java.util.List collectDependencies() -> a
com.cuitianci.scanner.DataBinderMapperImpl$InnerLayoutIdLookup -> com.cuitianci.scanner.a$a:
    java.util.HashMap sKeys -> a
    158:168:void <clinit>() -> <clinit>
com.cuitianci.scanner.ScannerApplication -> com.cuitianci.scanner.ScannerApplication:
    6:6:void <init>() -> <init>
    9:11:void onCreate() -> onCreate
com.cuitianci.scanner.bean.NameCardBean -> com.cuitianci.scanner.b.a:
    java.lang.String name -> a
    java.lang.String company -> c
    java.lang.String position -> b
    java.lang.String addedTime -> d
    3:3:void <init>(java.lang.String,java.lang.String,java.lang.String,java.lang.String) -> <init>
    35:35:java.lang.String getAddedTime() -> a
    27:27:java.lang.String getCompany() -> b
    11:11:java.lang.String getName() -> c
    19:19:java.lang.String getPosition() -> d
com.cuitianci.scanner.databinding.ActivityMainBinding -> com.cuitianci.scanner.c.a:
    com.google.android.material.floatingactionbutton.FloatingActionButton fab -> v
    com.google.android.material.bottomnavigation.BottomNavigationView bottomNavigation -> u
    31:35:void <init>(java.lang.Object,android.view.View,int,com.google.android.material.bottomnavigation.BottomNavigationView,com.google.android.material.floatingactionbutton.FloatingActionButton,android.widget.FrameLayout) -> <init>
com.cuitianci.scanner.databinding.ActivityMainBindingImpl -> com.cuitianci.scanner.c.b:
    long mDirtyFlags -> x
    androidx.coordinatorlayout.widget.CoordinatorLayout mboundView0 -> w
    android.util.SparseIntArray sViewsWithIds -> z
    androidx.databinding.ViewDataBinding$IncludedLayouts sIncludes -> y
    15:20:void <clinit>() -> <clinit>
    30:31:void <init>(androidx.databinding.DataBindingComponent,android.view.View) -> <init>
    33:43:void <init>(androidx.databinding.DataBindingComponent,android.view.View,java.lang.Object[]) -> <init>
    78:82:void executeBindings() -> b
    55:59:boolean hasPendingBindings() -> e
    47:49:void invalidateAll() -> i
com.cuitianci.scanner.databinding.FragmentAllNameCardBinding -> com.cuitianci.scanner.c.c:
    androidx.recyclerview.widget.RecyclerView rv -> u
    22:24:void <init>(java.lang.Object,android.view.View,int,androidx.recyclerview.widget.RecyclerView) -> <init>
com.cuitianci.scanner.databinding.FragmentAllNameCardBindingImpl -> com.cuitianci.scanner.c.d:
    androidx.constraintlayout.widget.ConstraintLayout mboundView0 -> v
    long mDirtyFlags -> w
    android.util.SparseIntArray sViewsWithIds -> y
    androidx.databinding.ViewDataBinding$IncludedLayouts sIncludes -> x
    15:18:void <clinit>() -> <clinit>
    28:29:void <init>(androidx.databinding.DataBindingComponent,android.view.View) -> <init>
    31:39:void <init>(androidx.databinding.DataBindingComponent,android.view.View,java.lang.Object[]) -> <init>
    74:78:void executeBindings() -> b
    51:55:boolean hasPendingBindings() -> e
    43:45:void invalidateAll() -> i
com.cuitianci.scanner.databinding.FragmentCameraBinding -> com.cuitianci.scanner.c.e:
    30:34:void <init>(java.lang.Object,android.view.View,int,de.hdodenhof.circleimageview.CircleImageView,com.google.android.material.floatingactionbutton.FloatingActionButton,android.view.TextureView) -> <init>
...
androidx.appcompat.app.AppCompatDelegateImpl$AutoTimeNightModeManager -> androidx.appcompat.app.AppCompatDelegateImpl$m:
    androidx.appcompat.app.TwilightManager mTwilightManager -> c
    androidx.appcompat.app.AppCompatDelegateImpl this$0 -> d
    2963:2965:void <init>(androidx.appcompat.app.AppCompatDelegateImpl,androidx.appcompat.app.TwilightManager) -> <init>
    2980:2984:android.content.IntentFilter createIntentFilterForBroadcastReceiver() -> b
    2970:2970:int getApplyableNightMode() -> c
    2975:2976:void onChange() -> d
androidx.appcompat.app.AppCompatDelegateImpl$ListMenuDecorView -> androidx.appcompat.app.AppCompatDelegateImpl$n:
    androidx.appcompat.app.AppCompatDelegateImpl this$0 -> l
    2732:2734:void <init>(androidx.appcompat.app.AppCompatDelegateImpl,android.content.Context) -> <init>
    2762:2762:boolean isOutOfBounds(int,int) -> a
    2738:2738:boolean dispatchKeyEvent(android.view.KeyEvent) -> dispatchKeyEvent
    2744:2753:boolean onInterceptTouchEvent(android.view.MotionEvent) -> onInterceptTouchEvent
    2758:2759:void setBackgroundResource(int) -> setBackgroundResource
androidx.appcompat.app.AppCompatDelegateImpl$PanelFeatureState -> androidx.appcompat.app.AppCompatDelegateImpl$PanelFeatureState:
    boolean isPrepared -> m
    boolean isHandled -> n
    androidx.appcompat.view.menu.ListMenuPresenter listMenuPresenter -> k
    boolean isOpen -> o
    boolean qwertyMode -> p
    int windowAnimations -> f
    int x -> d
    int y -> e
    int background -> b
    boolean refreshDecorView -> q
    int gravity -> c
    boolean refreshMenuContent -> r
    int featureId -> a
    android.view.View createdPanelView -> i
    android.view.View shownPanelView -> h
    android.os.Bundle frozenActionViewState -> s
    android.content.Context listPresenterContext -> l
    android.view.ViewGroup decorView -> g
    androidx.appcompat.view.menu.MenuBuilder menu -> j
    2565:2569:void <init>(int) -> <init>
    2572:2575:boolean hasPanelItems() -> a
    2589:2618:void setStyle(android.content.Context) -> a
    2621:2630:void setMenu(androidx.appcompat.view.menu.MenuBuilder) -> a
    2633:2644:androidx.appcompat.view.menu.MenuView getListMenuView(androidx.appcompat.view.menu.MenuPresenter$Callback) -> a
androidx.appcompat.app.AppCompatDelegateImpl$PanelFeatureState$SavedState -> androidx.appcompat.app.AppCompatDelegateImpl$PanelFeatureState$SavedState:
    boolean isOpen -> e
    android.os.Bundle menuState -> f
    int featureId -> d
    2712:2712:void <clinit>() -> <clinit>
    2682:2683:void <init>() -> <init>
    2701:2709:androidx.appcompat.app.AppCompatDelegateImpl$PanelFeatureState$SavedState readFromParcel(android.os.Parcel,java.lang.ClassLoader) -> a
    2687:2687:int describeContents() -> describeContents
    2692:2698:void writeToParcel(android.os.Parcel,int) -> writeToParcel
androidx.appcompat.app.AppCompatDelegateImpl$PanelFeatureState$SavedState$1 -> androidx.appcompat.app.AppCompatDelegateImpl$PanelFeatureState$SavedState$a:
    2712:2712:void <init>() -> <init>
    2712:2712:java.lang.Object createFromParcel(android.os.Parcel) -> createFromParcel
    2712:2712:java.lang.Object createFromParcel(android.os.Parcel,java.lang.ClassLoader) -> createFromParcel
    2715:2715:androidx.appcompat.app.AppCompatDelegateImpl$PanelFeatureState$SavedState createFromParcel(android.os.Parcel,java.lang.ClassLoader) -> createFromParcel
    2720:2720:androidx.appcompat.app.AppCompatDelegateImpl$PanelFeatureState$SavedState createFromParcel(android.os.Parcel) -> createFromParcel
    2712:2712:java.lang.Object[] newArray(int) -> newArray
    2725:2725:androidx.appcompat.app.AppCompatDelegateImpl$PanelFeatureState$SavedState[] newArray(int) -> newArray